[debug] [2024-02-16T02:52:38.207Z] ----------------------------------------------------------------------
[debug] [2024-02-16T02:52:38.209Z] Command:       C:\Program Files\nodejs\node.exe C:\Users\User\AppData\Roaming\npm\node_modules\firebase-tools\lib\bin\firebase.js init
[debug] [2024-02-16T02:52:38.209Z] CLI Version:   13.0.1
[debug] [2024-02-16T02:52:38.209Z] Platform:      win32
[debug] [2024-02-16T02:52:38.209Z] Node Version:  v20.9.0
[debug] [2024-02-16T02:52:38.210Z] Time:          Fri Feb 16 2024 10:52:38 GMT+0800 (Hong Kong Standard Time)
[debug] [2024-02-16T02:52:38.210Z] ----------------------------------------------------------------------
[debug] 
[debug] [2024-02-16T02:52:38.256Z] > command requires scopes: ["email","openid","https://www.googleapis.com/auth/cloudplatformprojects.readonly","https://www.googleapis.com/auth/firebase","https://www.googleapis.com/auth/cloud-platform"]
[debug] [2024-02-16T02:52:38.256Z] > authorizing via signed-in user (louiskooautoids@gmail.com)
[info] 
     ######## #### ########  ######## ########     ###     ######  ########
     ##        ##  ##     ## ##       ##     ##  ##   ##  ##       ##
     ######    ##  ########  ######   ########  #########  ######  ######
     ##        ##  ##    ##  ##       ##     ## ##     ##       ## ##
     ##       #### ##     ## ######## ########  ##     ##  ######  ########

You're about to initialize a Firebase project in this directory:

  C:\Users\User

Before we get started, keep in mind:

  * You are initializing within an existing Firebase project directory

[info] 
=== Project Setup
[info] 
[info] First, let's associate this project directory with a Firebase project.
[info] You can create multiple project aliases by running firebase use --add, 
[info] but for now we'll just set up a default project.
[info] 
[debug] [2024-02-16T02:52:48.024Z] Using project from CLI flag: testgit-94fd6
[debug] [2024-02-16T02:52:48.025Z] > refreshing access token with scopes: []
[debug] [2024-02-16T02:52:48.026Z] >>> [apiv2][query] POST https://www.googleapis.com/oauth2/v3/token [none]
[debug] [2024-02-16T02:52:48.026Z] >>> [apiv2][body] POST https://www.googleapis.com/oauth2/v3/token [omitted]
[debug] [2024-02-16T02:52:48.185Z] <<< [apiv2][status] POST https://www.googleapis.com/oauth2/v3/token 200
[debug] [2024-02-16T02:52:48.185Z] <<< [apiv2][body] POST https://www.googleapis.com/oauth2/v3/token [omitted]
[debug] [2024-02-16T02:52:48.193Z] >>> [apiv2][query] GET https://firebase.googleapis.com/v1beta1/projects/testgit-94fd6 [none]
[debug] [2024-02-16T02:52:48.484Z] <<< [apiv2][status] GET https://firebase.googleapis.com/v1beta1/projects/testgit-94fd6 200
[debug] [2024-02-16T02:52:48.485Z] <<< [apiv2][body] GET https://firebase.googleapis.com/v1beta1/projects/testgit-94fd6 {"projectId":"testgit-94fd6","projectNumber":"253536961062","displayName":"testGit","name":"projects/testgit-94fd6","resources":{"hostingSite":"testgit-94fd6"},"state":"ACTIVE","etag":"1_5a5fc57c-a4f5-4107-9e31-ff2d379775c2"}
[info] i  Using project testgit-94fd6 (testGit) 
[info] 
=== Hosting:github Setup
[info] 
[info] i  Detected a .git folder at C:\Users\User\Desktop\6003CEM\Backend 
[info] i  Authorizing with GitHub to upload your service account to a GitHub repository's secrets store. 
[info] 
[info] Visit this URL on this device to log in:
[info] https://github.com/login/oauth/authorize?client_id=89cf50f02ac6aaed3484&state=539744410&redirect_uri=http%3A%2F%2Flocalhost%3A9005&scope=read%3Auser%20repo%20public_repo
[info] 
[info] Waiting for authentication...
[debug] [2024-02-16T02:53:10.838Z] >>> [apiv2][query] POST https://github.com/login/oauth/access_token [none]
[debug] [2024-02-16T02:53:10.838Z] >>> [apiv2][body] POST https://github.com/login/oauth/access_token [stream]
[debug] [2024-02-16T02:53:11.309Z] <<< [apiv2][status] POST https://github.com/login/oauth/access_token 200
[debug] [2024-02-16T02:53:11.310Z] <<< [apiv2][body] POST https://github.com/login/oauth/access_token {"access_token":"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","token_type":"bearer","scope":"read:user,repo"}
[debug] [2024-02-16T02:53:11.322Z] >>> [apiv2][query] GET https://api.github.com/user [none]
[debug] [2024-02-16T02:53:11.764Z] <<< [apiv2][status] GET https://api.github.com/user 200
[debug] [2024-02-16T02:53:11.765Z] <<< [apiv2][body] GET https://api.github.com/user {"login":"Lokiakoo","id":111053407,"node_id":"U_kgDOBp6KXw","avatar_url":"https://avatars.githubusercontent.com/u/111053407?v=4","gravatar_id":"","url":"https://api.github.com/users/Lokiakoo","html_url":"https://github.com/Lokiakoo","followers_url":"https://api.github.com/users/Lokiakoo/followers","following_url":"https://api.github.com/users/Lokiakoo/following{/other_user}","gists_url":"https://api.github.com/users/Lokiakoo/gists{/gist_id}","starred_url":"https://api.github.com/users/Lokiakoo/starred{/owner}{/repo}","subscriptions_url":"https://api.github.com/users/Lokiakoo/subscriptions","organizations_url":"https://api.github.com/users/Lokiakoo/orgs","repos_url":"https://api.github.com/users/Lokiakoo/repos","events_url":"https://api.github.com/users/Lokiakoo/events{/privacy}","received_events_url":"https://api.github.com/users/Lokiakoo/received_events","type":"User","site_admin":false,"name":null,"company":null,"blog":"","location":null,"email":null,"hireable":null,"bio":null,"twitter_username":null,"public_repos":6,"public_gists":0,"followers":0,"following":1,"created_at":"2022-08-11T10:06:51Z","updated_at":"2024-02-15T03:07:30Z","private_gists":1,"total_private_repos":8,"owned_private_repos":8,"disk_usage":16276,"collaborators":0,"two_factor_authentication":true,"plan":{"name":"pro","space":976562499,"collaborators":0,"private_repos":9999}}
[info] 
[info] +  Success! Logged into GitHub as Lokiakoo 
[info] 
[debug] [2024-02-16T02:53:38.075Z] >>> [apiv2][query] GET https://api.github.com/repos/Louiskoo/gitVersion/actions/secrets/public-key type=owner
[debug] [2024-02-16T02:53:38.511Z] <<< [apiv2][status] GET https://api.github.com/repos/Louiskoo/gitVersion/actions/secrets/public-key 404
[debug] [2024-02-16T02:53:38.512Z] <<< [apiv2][body] GET https://api.github.com/repos/Louiskoo/gitVersion/actions/secrets/public-key {"message":"Not Found","documentation_url":"https://docs.github.com/rest/actions/secrets#get-a-repository-public-key"}
[info] 
[info] 
[error] !  The provided authorization cannot be used with this repository. If this repository is in an organization, did you remember to grant access? 
[info] 
[info] i  Action required: Visit this URL to ensure access has been granted to the appropriate organization(s) for the Firebase CLI GitHub OAuth App: 
[info] https://github.com/settings/connections/applications/89cf50f02ac6aaed3484
[info] 
[debug] [2024-02-16T02:54:03.824Z] >>> [apiv2][query] GET https://api.github.com/repos/Louiskoo/gitVersion/actions/secrets/public-key type=owner
[debug] [2024-02-16T02:54:04.260Z] <<< [apiv2][status] GET https://api.github.com/repos/Louiskoo/gitVersion/actions/secrets/public-key 404
[debug] [2024-02-16T02:54:04.260Z] <<< [apiv2][body] GET https://api.github.com/repos/Louiskoo/gitVersion/actions/secrets/public-key {"message":"Not Found","documentation_url":"https://docs.github.com/rest/actions/secrets#get-a-repository-public-key"}
[info] 
[info] 
[error] !  The provided authorization cannot be used with this repository. If this repository is in an organization, did you remember to grant access? 
[info] 
[info] i  Action required: Visit this URL to ensure access has been granted to the appropriate organization(s) for the Firebase CLI GitHub OAuth App: 
[info] https://github.com/settings/connections/applications/89cf50f02ac6aaed3484
[info] 
[debug] [2024-02-16T02:57:20.703Z] >>> [apiv2][query] GET https://api.github.com/repos/Louiskoo/gitVersion/actions/secrets/public-key type=owner
[debug] [2024-02-16T02:57:21.119Z] <<< [apiv2][status] GET https://api.github.com/repos/Louiskoo/gitVersion/actions/secrets/public-key 404
[debug] [2024-02-16T02:57:21.119Z] <<< [apiv2][body] GET https://api.github.com/repos/Louiskoo/gitVersion/actions/secrets/public-key {"message":"Not Found","documentation_url":"https://docs.github.com/rest/actions/secrets#get-a-repository-public-key"}
[info] 
[info] 
[error] !  The provided authorization cannot be used with this repository. If this repository is in an organization, did you remember to grant access? 
[info] 
[info] i  Action required: Visit this URL to ensure access has been granted to the appropriate organization(s) for the Firebase CLI GitHub OAuth App: 
[info] https://github.com/settings/connections/applications/89cf50f02ac6aaed3484
[info] 
